<?xml version="1.0" encoding="UTF-8"?>
<!-- Generated by org.testng.reporters.JUnitXMLReporter -->
<testsuite ignored="0" hostname="DESKTOP-GDT0VKC" failures="0" tests="6" name="Default test" time="17.839" errors="0" timestamp="2022-12-01T18:56:07 IST">
  <testcase classname="testNG.TestNG_Priotity" name="jobTitle" time="0.334"/>
  <testcase classname="testNG.TestNG_Priotity" name="Name" time="0.26"/>
  <testcase classname="testNG.TestNG_Priotity" name="Email" time="0.304"/>
  <testcase classname="testNG.TestNG_Priotity" name="country" time="2.994"/>
  <testcase classname="testNG.TestNG_Priotity" name="employees" time="0.223"/>
  <testcase classname="testNG.TestNG_Priotity" name="phone" time="0.209"/>
</testsuite> <!-- Default test -->
