<?xml version="1.0" encoding="UTF-8"?>
<testng-results ignored="0" total="6" passed="6" failed="0" skipped="0">
  <reporter-output>
  </reporter-output>
  <suite started-at="2022-12-01T18:55:49 IST" name="Default suite" finished-at="2022-12-01T18:56:07 IST" duration-ms="17839">
    <groups>
    </groups>
    <test started-at="2022-12-01T18:55:49 IST" name="Default test" finished-at="2022-12-01T18:56:07 IST" duration-ms="17839">
      <class name="testNG.TestNG_Priotity">
        <test-method is-config="true" signature="openLink()[pri:0, instance:testNG.TestNG_Priotity@66f57048]" started-at="2022-12-01T18:55:49 IST" name="openLink" finished-at="2022-12-01T18:56:02 IST" duration-ms="13262" status="PASS">
          <reporter-output>
          </reporter-output>
        </test-method> <!-- openLink -->
        <test-method signature="jobTitle()[pri:0, instance:testNG.TestNG_Priotity@66f57048]" started-at="2022-12-01T18:56:02 IST" name="jobTitle" finished-at="2022-12-01T18:56:03 IST" duration-ms="334" status="PASS">
          <reporter-output>
          </reporter-output>
        </test-method> <!-- jobTitle -->
        <test-method signature="Name()[pri:1, instance:testNG.TestNG_Priotity@66f57048]" started-at="2022-12-01T18:56:03 IST" name="Name" finished-at="2022-12-01T18:56:03 IST" duration-ms="260" status="PASS">
          <reporter-output>
          </reporter-output>
        </test-method> <!-- Name -->
        <test-method signature="Email()[pri:2, instance:testNG.TestNG_Priotity@66f57048]" started-at="2022-12-01T18:56:03 IST" name="Email" finished-at="2022-12-01T18:56:03 IST" duration-ms="304" status="PASS">
          <reporter-output>
          </reporter-output>
        </test-method> <!-- Email -->
        <test-method signature="country()[pri:3, instance:testNG.TestNG_Priotity@66f57048]" started-at="2022-12-01T18:56:03 IST" name="country" finished-at="2022-12-01T18:56:06 IST" duration-ms="2994" status="PASS">
          <reporter-output>
          </reporter-output>
        </test-method> <!-- country -->
        <test-method signature="employees()[pri:4, instance:testNG.TestNG_Priotity@66f57048]" started-at="2022-12-01T18:56:06 IST" name="employees" finished-at="2022-12-01T18:56:06 IST" duration-ms="223" status="PASS">
          <reporter-output>
          </reporter-output>
        </test-method> <!-- employees -->
        <test-method signature="phone()[pri:5, instance:testNG.TestNG_Priotity@66f57048]" started-at="2022-12-01T18:56:06 IST" name="phone" finished-at="2022-12-01T18:56:07 IST" duration-ms="209" status="PASS">
          <reporter-output>
          </reporter-output>
        </test-method> <!-- phone -->
        <test-method is-config="true" signature="closePage()[pri:0, instance:testNG.TestNG_Priotity@66f57048]" started-at="2022-12-01T18:56:07 IST" name="closePage" finished-at="2022-12-01T18:56:07 IST" duration-ms="1" status="PASS">
          <reporter-output>
          </reporter-output>
        </test-method> <!-- closePage -->
      </class> <!-- testNG.TestNG_Priotity -->
    </test> <!-- Default test -->
  </suite> <!-- Default suite -->
</testng-results>
